<?xml version="1.0" encoding="UTF-8"?>
<!-- Generated by org.testng.reporters.JUnitXMLReporter -->
<testsuite ignored="6" hostname="Chandan" failures="0" tests="3" name="Test" time="0.085" errors="0" timestamp="2024-12-09T20:05:05 IST">
  <testcase classname="Day44.Signuptests" name="signupbyfacebook" time="0.007"/>
  <testcase classname="Day44.Signuptests" name="signupbyemail" time="0.002"/>
  <testcase classname="Day44.Signuptests" name="signupbytwitter" time="0.001"/>
  <testcase classname="Day44.Paymenttests" name="paymentbyphone" time="0.0">
    <ignored/>
  </testcase> <!-- paymentbyphone -->
  <testcase classname="Day44.Paymenttests" name="paymentbyemail" time="0.0">
    <ignored/>
  </testcase> <!-- paymentbyemail -->
  <testcase classname="Day44.Logintest" name="loginupbyemail" time="0.0">
    <ignored/>
  </testcase> <!-- loginupbyemail -->
  <testcase classname="Day44.Logintest" name="loginupbyfacebook" time="0.0">
    <ignored/>
  </testcase> <!-- loginupbyfacebook -->
  <testcase classname="Day44.Logintest" name="loginupbytwitter" time="0.0">
    <ignored/>
  </testcase> <!-- loginupbytwitter -->
  <testcase classname="Day44.Paymenttests" name="paymentbymobile" time="0.0">
    <ignored/>
  </testcase> <!-- paymentbymobile -->
</testsuite> <!-- Test -->
