<?xml version="1.0" encoding="UTF-8"?>
<testng-results ignored="6" total="9" passed="3" failed="0" skipped="0">
  <reporter-output>
  </reporter-output>
  <suite started-at="2024-12-09T20:04:31 IST" name="Suite" finished-at="2024-12-09T20:04:31 IST" duration-ms="170">
    <groups>
      <group name="sanity">
        <method signature="Signuptests.signupbyfacebook()[pri:-1, instance:Day44.Signuptests@3f6f6701]" name="signupbyfacebook" class="Day44.Signuptests"/>
        <method signature="Signuptests.signupbyemail()[pri:1, instance:Day44.Signuptests@3f6f6701]" name="signupbyemail" class="Day44.Signuptests"/>
        <method signature="Signuptests.signupbytwitter()[pri:3, instance:Day44.Signuptests@3f6f6701]" name="signupbytwitter" class="Day44.Signuptests"/>
      </group> <!-- sanity -->
    </groups>
    <test started-at="2024-12-09T20:04:31 IST" name="Test" finished-at="2024-12-09T20:04:31 IST" duration-ms="170">
      <class name="Day44.Signuptests">
        <test-method signature="signupbyfacebook()[pri:-1, instance:Day44.Signuptests@3f6f6701]" started-at="2024-12-09T20:04:31 IST" name="signupbyfacebook" finished-at="2024-12-09T20:04:31 IST" duration-ms="18" status="PASS">
          <reporter-output>
          </reporter-output>
        </test-method> <!-- signupbyfacebook -->
        <test-method signature="signupbyemail()[pri:1, instance:Day44.Signuptests@3f6f6701]" started-at="2024-12-09T20:04:31 IST" name="signupbyemail" finished-at="2024-12-09T20:04:31 IST" duration-ms="9" status="PASS">
          <reporter-output>
          </reporter-output>
        </test-method> <!-- signupbyemail -->
        <test-method signature="signupbytwitter()[pri:3, instance:Day44.Signuptests@3f6f6701]" started-at="2024-12-09T20:04:31 IST" name="signupbytwitter" finished-at="2024-12-09T20:04:31 IST" duration-ms="2" status="PASS">
          <reporter-output>
          </reporter-output>
        </test-method> <!-- signupbytwitter -->
      </class> <!-- Day44.Signuptests -->
    </test> <!-- Test -->
  </suite> <!-- Suite -->
</testng-results>
